[0.179s] Invoking command in '/home/ros2/git/mygit/capella_ros_dock/build/capella_ros_dock': AMENT_PREFIX_PATH=/home/ros2/git/mygit/capella_ros_dock/install:${AMENT_PREFIX_PATH} CMAKE_PREFIX_PATH=/home/ros2/git/mygit/capella_ros_dock/install:/opt/ros/humble LD_LIBRARY_PATH=/home/ros2/git/mygit/capella_ros_dock/install/lib:${LD_LIBRARY_PATH} PYTHONPATH=/home/ros2/git/mygit/capella_ros_dock/install/local/lib/python3.10/dist-packages:${PYTHONPATH} WSLENV=ELECTRON_RUN_AS_NODE/w:WT_SESSION::WT_PROFILE_ID /usr/bin/cmake --build /home/ros2/git/mygit/capella_ros_dock/build/capella_ros_dock -- -j12 -l12
[0.213s] -- Found ament_cmake: 1.3.3 (/opt/ros/humble/share/ament_cmake/cmake)
[0.307s] -- Override CMake install command with custom implementation using symlinks instead of copying resources
[0.312s] -- Found angles: 1.15.0 (/opt/ros/humble/share/angles/cmake)
[0.314s] -- Found geometry_msgs: 4.2.3 (/opt/ros/humble/share/geometry_msgs/cmake)
[0.415s] -- Found rosidl_generator_c: 3.1.4 (/opt/ros/humble/share/rosidl_generator_c/cmake)
[0.417s] -- Found rosidl_adapter: 3.1.4 (/opt/ros/humble/share/rosidl_adapter/cmake)
[0.422s] -- Found rosidl_generator_cpp: 3.1.4 (/opt/ros/humble/share/rosidl_generator_cpp/cmake)
[0.430s] -- Using all available rosidl_typesupport_c: rosidl_typesupport_fastrtps_c;rosidl_typesupport_introspection_c
[0.441s] -- Using all available rosidl_typesupport_cpp: rosidl_typesupport_fastrtps_cpp;rosidl_typesupport_introspection_cpp
[0.520s] -- Found nav_msgs: 4.2.3 (/opt/ros/humble/share/nav_msgs/cmake)
[0.612s] -- Found rclcpp: 16.0.3 (/opt/ros/humble/share/rclcpp/cmake)
[0.669s] -- Found rmw_implementation_cmake: 6.1.1 (/opt/ros/humble/share/rmw_implementation_cmake/cmake)
[0.671s] -- Found rmw_fastrtps_cpp: 6.2.2 (/opt/ros/humble/share/rmw_fastrtps_cpp/cmake)
[4.067s] -- Using RMW implementation 'rmw_fastrtps_cpp' as default
[4.169s] -- Found rclcpp_action: 16.0.3 (/opt/ros/humble/share/rclcpp_action/cmake)
[4.244s] -- Found rclcpp_components: 16.0.3 (/opt/ros/humble/share/rclcpp_components/cmake)
[4.292s] -- Found tf2: 0.25.2 (/opt/ros/humble/share/tf2/cmake)
[4.300s] -- Found tf2_geometry_msgs: 0.25.2 (/opt/ros/humble/share/tf2_geometry_msgs/cmake)
[4.305s] -- Found eigen3_cmake_module: 0.1.1 (/opt/ros/humble/share/eigen3_cmake_module/cmake)
[4.307s] -- Ensuring Eigen3 include directory is part of orocos-kdl CMake target
[4.441s] -- Found capella_ros_dock_msgs: 0.0.0 (/home/ros2/git/mygit/capella_ros_dock/install/share/capella_ros_dock_msgs/cmake)
[4.603s] -- Found capella_ros_msg: 0.0.0 (/home/ros2/git/mygit/capella_ros_dock/install/share/capella_ros_msg/cmake)
[4.664s] -- Found capella_ros_service_interfaces: 0.0.0 (/home/ros2/git/mygit/capella_ros_dock/install/share/capella_ros_service_interfaces/cmake)
[4.749s] -- Found std_srvs: 4.2.3 (/opt/ros/humble/share/std_srvs/cmake)
[4.849s] -- Configuring done
[4.853s] [33mCMake Warning (dev) at CMakeLists.txt:49 (add_library):
[4.853s]   Policy CMP0115 is not set: Source file extensions must be explicit.  Run
[4.853s]   "cmake --help-policy CMP0115" for policy details.  Use the cmake_policy
[4.853s]   command to set the policy and suppress this warning.
[4.853s] 
[4.853s]   File:
[4.853s] 
[4.853s]     /home/ros2/git/mygit/capella_ros_dock/capella_ros_dock/src/hazards_vector_publisher.cpp
[4.853s] This warning is for project developers.  Use -Wno-dev to suppress it.
[4.853s] [0m
[4.878s] -- Generating done
[4.880s] -- Build files have been written to: /home/ros2/git/mygit/capella_ros_dock/build/capella_ros_dock
[4.907s] [35m[1mConsolidate compiler generated dependencies of target hazard_publisher_lib[0m
[4.908s] [35m[1mConsolidate compiler generated dependencies of target motion_control[0m
[4.908s] [35m[1mConsolidate compiler generated dependencies of target hazard_vector_publisher[0m
[4.915s] [ 20%] [32mBuilding CXX object CMakeFiles/motion_control_lib.dir/src/docking_behavior.cpp.o[0m
[4.915s] [ 20%] [32mBuilding CXX object CMakeFiles/motion_control_lib.dir/src/motion_control_node.cpp.o[0m
[4.915s] [ 30%] [32mBuilding CXX object CMakeFiles/motion_control_lib.dir/src/reflex_behavior.cpp.o[0m
[4.924s] [ 50%] Built target hazard_vector_publisher
[4.925s] [ 70%] Built target motion_control
[4.925s] [ 80%] [32mBuilding CXX object CMakeFiles/hazard_publisher_lib.dir/src/hazards_vector_publisher.cpp.o[0m
[4.965s] In file included from [01m[K/home/ros2/git/mygit/capella_ros_dock/capella_ros_dock/src/docking_behavior.cpp:3[m[K:
[4.965s] [01m[K/home/ros2/git/mygit/capella_ros_dock/capella_ros_dock/include/capella_ros_dock/docking_behavior.hpp:11:10:[m[K [01;31m[Kfatal error: [m[Kcapella_ros_dock_msgs/action/dock.hpp: No such file or directory
[4.965s]    11 | #include [01;31m[K"capella_ros_dock_msgs/action/dock.hpp"[m[K
[4.965s]       |          [01;31m[K^~~~~~~~~~~~~~~~~~~~~~~~~~~~~~~~~~~~~~~[m[K
[4.965s] compilation terminated.
[4.967s] gmake[2]: *** [CMakeFiles/motion_control_lib.dir/build.make:90: CMakeFiles/motion_control_lib.dir/src/docking_behavior.cpp.o] Error 1
[4.967s] gmake[2]: *** Waiting for unfinished jobs....
[5.196s] In file included from [01m[K/home/ros2/git/mygit/capella_ros_dock/capella_ros_dock/src/motion_control_node.cpp:3[m[K:
[5.196s] [01m[K/home/ros2/git/mygit/capella_ros_dock/capella_ros_dock/include/capella_ros_dock/motion_control_node.hpp:17:10:[m[K [01;31m[Kfatal error: [m[Kcapella_ros_dock_msgs/msg/wheel_status.hpp: No such file or directory
[5.196s]    17 | #include [01;31m[K"capella_ros_dock_msgs/msg/wheel_status.hpp"[m[K
[5.196s]       |          [01;31m[K^~~~~~~~~~~~~~~~~~~~~~~~~~~~~~~~~~~~~~~~~~~~[m[K
[5.196s] compilation terminated.
[5.200s] gmake[2]: *** [CMakeFiles/motion_control_lib.dir/build.make:76: CMakeFiles/motion_control_lib.dir/src/motion_control_node.cpp.o] Error 1
[10.375s] gmake[1]: *** [CMakeFiles/Makefile2:195: CMakeFiles/motion_control_lib.dir/all] Error 2
[10.375s] gmake[1]: *** Waiting for unfinished jobs....
[17.375s] [ 90%] [32m[1mLinking CXX shared library libhazard_publisher_lib.so[0m
[17.641s] [ 90%] Built target hazard_publisher_lib
[17.641s] gmake: *** [Makefile:146: all] Error 2
[17.644s] Invoked command in '/home/ros2/git/mygit/capella_ros_dock/build/capella_ros_dock' returned '2': AMENT_PREFIX_PATH=/home/ros2/git/mygit/capella_ros_dock/install:${AMENT_PREFIX_PATH} CMAKE_PREFIX_PATH=/home/ros2/git/mygit/capella_ros_dock/install:/opt/ros/humble LD_LIBRARY_PATH=/home/ros2/git/mygit/capella_ros_dock/install/lib:${LD_LIBRARY_PATH} PYTHONPATH=/home/ros2/git/mygit/capella_ros_dock/install/local/lib/python3.10/dist-packages:${PYTHONPATH} WSLENV=ELECTRON_RUN_AS_NODE/w:WT_SESSION::WT_PROFILE_ID /usr/bin/cmake --build /home/ros2/git/mygit/capella_ros_dock/build/capella_ros_dock -- -j12 -l12
