[33mCMake Warning (dev) at CMakeLists.txt:53 (add_library):
  Policy CMP0115 is not set: Source file extensions must be explicit.  Run
  "cmake --help-policy CMP0115" for policy details.  Use the cmake_policy
  command to set the policy and suppress this warning.

  File:

    /home/ros2/git/mygit/capella_ros_dock/capella_ros_dock/src/hazards_vector_publisher.cpp
This warning is for project developers.  Use -Wno-dev to suppress it.
[0m
[01m[K/home/ros2/git/mygit/capella_ros_dock/capella_ros_dock/src/motion_control_node.cpp:4:10:[m[K [01;31m[Kfatal error: [m[Kirobot_create_nodes/motion_control_node.hpp: No such file or directory
    4 | #include [01;31m[K"irobot_create_nodes/motion_control_node.hpp"[m[K
      |          [01;31m[K^~~~~~~~~~~~~~~~~~~~~~~~~~~~~~~~~~~~~~~~~~~~~[m[K
compilation terminated.
gmake[2]: *** [CMakeFiles/motion_control_lib.dir/build.make:76: CMakeFiles/motion_control_lib.dir/src/motion_control_node.cpp.o] Error 1
gmake[2]: *** Waiting for unfinished jobs....
In file included from [01m[K/home/ros2/git/mygit/capella_ros_dock/capella_ros_dock/src/docking_behavior.cpp:3[m[K:
[01m[K/home/ros2/git/mygit/capella_ros_dock/capella_ros_dock/include/capella_ros_dock/docking_behavior.hpp:12:10:[m[K [01;31m[Kfatal error: [m[Kcapella_ros_service_interfaces/action/dock.hpp: No such file or directory
   12 | #include [01;31m[K"capella_ros_service_interfaces/action/dock.hpp"[m[K
      |          [01;31m[K^~~~~~~~~~~~~~~~~~~~~~~~~~~~~~~~~~~~~~~~~~~~~~~~[m[K
compilation terminated.
gmake[2]: *** [CMakeFiles/motion_control_lib.dir/build.make:90: CMakeFiles/motion_control_lib.dir/src/docking_behavior.cpp.o] Error 1
[01m[K/home/ros2/git/mygit/capella_ros_dock/capella_ros_dock/src/reflex_behavior.cpp:12:10:[m[K [01;31m[Kfatal error: [m[Kirobot_create_nodes/motion_control/reflex_behavior.hpp: No such file or directory
   12 | #include [01;31m[K"irobot_create_nodes/motion_control/reflex_behavior.hpp"[m[K
      |          [01;31m[K^~~~~~~~~~~~~~~~~~~~~~~~~~~~~~~~~~~~~~~~~~~~~~~~~~~~~~~~[m[K
compilation terminated.
gmake[2]: *** [CMakeFiles/motion_control_lib.dir/build.make:104: CMakeFiles/motion_control_lib.dir/src/reflex_behavior.cpp.o] Error 1
gmake[1]: *** [CMakeFiles/Makefile2:195: CMakeFiles/motion_control_lib.dir/all] Error 2
gmake[1]: *** Waiting for unfinished jobs....
[01m[K/home/ros2/git/mygit/capella_ros_dock/capella_ros_dock/src/hazards_vector_publisher.cpp:[m[K In constructor â€˜[01m[Kcapella_ros_dock::HazardsVectorPublisher::HazardsVectorPublisher(const rclcpp::NodeOptions&)[m[Kâ€™:
[01m[K/home/ros2/git/mygit/capella_ros_dock/capella_ros_dock/src/hazards_vector_publisher.cpp:28:33:[m[K [01;31m[Kerror: [m[Kâ€˜[01m[Kcapella_ros_service_interfaces[m[Kâ€™ was not declared in this scope
   28 |   publisher_ = create_publisher<[01;31m[Kcapella_ros_service_interfaces[m[K::msg::HazardDetectionVector>(
      |                                 [01;31m[K^~~~~~~~~~~~~~~~~~~~~~~~~~~~~~[m[K
[01m[K/home/ros2/git/mygit/capella_ros_dock/capella_ros_dock/src/hazards_vector_publisher.cpp:28:16:[m[K [01;31m[Kerror: [m[Kparse error in template argument list
   28 |   publisher_ = [01;31m[Kcreate_publisher<capella_ros_service_interfaces::msg::HazardDetectionVector>[m[K(
      |                [01;31m[K^~~~~~~~~~~~~~~~~~~~~~~~~~~~~~~~~~~~~~~~~~~~~~~~~~~~~~~~~~~~~~~~~~~~~~~~~~~~[m[K
[01m[K/home/ros2/git/mygit/capella_ros_dock/capella_ros_dock/src/hazards_vector_publisher.cpp:28:92:[m[K [01;31m[Kerror: [m[Kno matching function for call to â€˜[01m[Kcapella_ros_dock::HazardsVectorPublisher::create_publisher<<expression error> >(std::string&, rclcpp::QoS&)[m[Kâ€™
   28 |   publisher_ = [01;31m[Kcreate_publisher<capella_ros_service_interfaces::msg::HazardDetectionVector>([m[K
      |                [01;31m[K~~~~~~~~~~~~~~~~~~~~~~~~~~~~~~~~~~~~~~~~~~~~~~~~~~~~~~~~~~~~~~~~~~~~~~~~~~~~^[m[K
   29 | [01;31m[K    publisher_topic_, rclcpp::SensorDataQoS().reliable())[m[K;
      |     [01;31m[K~~~~~~~~~~~~~~~~~~~~~~~~~~~~~~~~~~~~~~~~~~~~~~~~~~~~~[m[K                                   
In file included from [01m[K/opt/ros/humble/include/rclcpp/rclcpp/executors/single_threaded_executor.hpp:28[m[K,
                 from [01m[K/opt/ros/humble/include/rclcpp/rclcpp/executors.hpp:22[m[K,
                 from [01m[K/opt/ros/humble/include/rclcpp/rclcpp/rclcpp.hpp:155[m[K,
                 from [01m[K/home/ros2/git/mygit/capella_ros_dock/capella_ros_dock/include/capella_ros_dock/hazards_vector_publisher.hpp:11[m[K,
                 from [01m[K/home/ros2/git/mygit/capella_ros_dock/capella_ros_dock/src/hazards_vector_publisher.cpp:3[m[K:
[01m[K/opt/ros/humble/include/rclcpp/rclcpp/node.hpp:195:3:[m[K [01;36m[Knote: [m[Kcandidate: â€˜[01m[Ktemplate<class MessageT, class AllocatorT, class PublisherT> std::shared_ptr<PublisherT> rclcpp::Node::create_publisher(const string&, const rclcpp::QoS&, const rclcpp::PublisherOptionsWithAllocator<AllocatorT>&)[m[Kâ€™
  195 |   [01;36m[Kcreate_publisher[m[K(
      |   [01;36m[K^~~~~~~~~~~~~~~~[m[K
[01m[K/opt/ros/humble/include/rclcpp/rclcpp/node.hpp:195:3:[m[K [01;36m[Knote: [m[K  template argument deduction/substitution failed:
[01m[K/home/ros2/git/mygit/capella_ros_dock/capella_ros_dock/src/hazards_vector_publisher.cpp:28:92:[m[K [01;31m[Kerror: [m[Ktemplate argument 1 is invalid
   28 |   publisher_ = [01;31m[Kcreate_publisher<capella_ros_service_interfaces::msg::HazardDetectionVector>([m[K
      |                [01;31m[K~~~~~~~~~~~~~~~~~~~~~~~~~~~~~~~~~~~~~~~~~~~~~~~~~~~~~~~~~~~~~~~~~~~~~~~~~~~~^[m[K
   29 | [01;31m[K    publisher_topic_, rclcpp::SensorDataQoS().reliable())[m[K;
      |     [01;31m[K~~~~~~~~~~~~~~~~~~~~~~~~~~~~~~~~~~~~~~~~~~~~~~~~~~~~~[m[K                                   
[01m[K/home/ros2/git/mygit/capella_ros_dock/capella_ros_dock/src/hazards_vector_publisher.cpp:52:8:[m[K [01;31m[Kerror: [m[Kparse error in template argument list
   52 |       ([01;31m[Kcreate_subscription<capella_ros_service_interfaces::msg::HazardDetection>[m[K(
      |        [01;31m[K^~~~~~~~~~~~~~~~~~~~~~~~~~~~~~~~~~~~~~~~~~~~~~~~~~~~~~~~~~~~~~~~~~~~~~~~~[m[K
[01m[K/home/ros2/git/mygit/capella_ros_dock/capella_ros_dock/src/hazards_vector_publisher.cpp:54:22:[m[K [01;31m[Kerror: [m[Kâ€˜[01m[Kcapella_ros_service_interfaces[m[Kâ€™ does not name a type
   54 |         [this](const [01;31m[Kcapella_ros_service_interfaces[m[K::msg::HazardDetection::SharedPtr msg) {
      |                      [01;31m[K^~~~~~~~~~~~~~~~~~~~~~~~~~~~~~[m[K
[01m[K/home/ros2/git/mygit/capella_ros_dock/capella_ros_dock/src/hazards_vector_publisher.cpp:[m[K In lambda function:
[01m[K/home/ros2/git/mygit/capella_ros_dock/capella_ros_dock/src/hazards_vector_publisher.cpp:57:11:[m[K [01;31m[Kerror: [m[Kexpected â€˜[01m[K{[m[Kâ€™ before â€˜[01m[K)[m[Kâ€™ token
   57 |         })[01;31m[K)[m[K);
      |           [01;31m[K^[m[K
[01m[K/home/ros2/git/mygit/capella_ros_dock/capella_ros_dock/src/hazards_vector_publisher.cpp:[m[K In constructor â€˜[01m[Kcapella_ros_dock::HazardsVectorPublisher::HazardsVectorPublisher(const rclcpp::NodeOptions&)[m[Kâ€™:
[01m[K/home/ros2/git/mygit/capella_ros_dock/capella_ros_dock/src/hazards_vector_publisher.cpp:52:81:[m[K [01;31m[Kerror: [m[Kno matching function for call to â€˜[01m[Kcapella_ros_dock::HazardsVectorPublisher::create_subscription<capella_ros_service_interfaces>(std::string&, rclcpp::SensorDataQoS, capella_ros_dock::HazardsVectorPublisher::HazardsVectorPublisher(const rclcpp::NodeOptions&)::<lambda(int)>)[m[Kâ€™
   52 |       ([01;31m[Kcreate_subscription<capella_ros_service_interfaces::msg::HazardDetection>([m[K
      |        [01;31m[K~~~~~~~~~~~~~~~~~~~~~~~~~~~~~~~~~~~~~~~~~~~~~~~~~~~~~~~~~~~~~~~~~~~~~~~~~^[m[K
   53 | [01;31m[K        topic, rclcpp::SensorDataQoS(),[m[K
      |         [01;31m[K~~~~~~~~~~~~~~~~~~~~~~~~~~~~~~~[m[K                                          
   54 | [01;31m[K        [this](const capella_ros_service_interfaces::msg::HazardDetection::SharedPtr msg) {[m[K
      |         [01;31m[K~~~~~~~~~~~~~~~~~~~~~~~~~~~~~~~~~~~~~~~~~~~~~~~~~~~~~~~~~~~~~~~~~~~~~~~~~~~~~~~~~~~[m[K
   55 | [01;31m[K          std::lock_guard<std::mutex> lock{this->mutex_};[m[K
      |           [01;31m[K~~~~~~~~~~~~~~~~~~~~~~~~~~~~~~~~~~~~~~~~~~~~~~~[m[K                        
   56 | [01;31m[K          this->msg_.detections.push_back(*msg);[m[K
      |           [01;31m[K~~~~~~~~~~~~~~~~~~~~~~~~~~~~~~~~~~~~~~[m[K                                 
   57 | [01;31m[K        }))[m[K);
      |         [01;31m[K~~~[m[K                                                                      
In file included from [01m[K/opt/ros/humble/include/rclcpp/rclcpp/executors/single_threaded_executor.hpp:28[m[K,
                 from [01m[K/opt/ros/humble/include/rclcpp/rclcpp/executors.hpp:22[m[K,
                 from [01m[K/opt/ros/humble/include/rclcpp/rclcpp/rclcpp.hpp:155[m[K,
                 from [01m[K/home/ros2/git/mygit/capella_ros_dock/capella_ros_dock/include/capella_ros_dock/hazards_vector_publisher.hpp:11[m[K,
                 from [01m[K/home/ros2/git/mygit/capella_ros_dock/capella_ros_dock/src/hazards_vector_publisher.cpp:3[m[K:
[01m[K/opt/ros/humble/include/rclcpp/rclcpp/node.hpp:219:3:[m[K [01;36m[Knote: [m[Kcandidate: â€˜[01m[Ktemplate<class MessageT, class CallbackT, class AllocatorT, class SubscriptionT, class MessageMemoryStrategyT> std::shared_ptr<ROSMessageT> rclcpp::Node::create_subscription(const string&, const rclcpp::QoS&, CallbackT&&, const rclcpp::SubscriptionOptionsWithAllocator<AllocatorT>&, typename MessageMemoryStrategyT::SharedPtr)[m[Kâ€™
  219 |   [01;36m[Kcreate_subscription[m[K(
      |   [01;36m[K^~~~~~~~~~~~~~~~~~~[m[K
[01m[K/opt/ros/humble/include/rclcpp/rclcpp/node.hpp:219:3:[m[K [01;36m[Knote: [m[K  template argument deduction/substitution failed:
gmake[2]: *** [CMakeFiles/hazard_publisher_lib.dir/build.make:76: CMakeFiles/hazard_publisher_lib.dir/src/hazards_vector_publisher.cpp.o] Error 1
gmake[1]: *** [CMakeFiles/Makefile2:143: CMakeFiles/hazard_publisher_lib.dir/all] Error 2
gmake: *** [Makefile:146: all] Error 2
